# JRE version: OpenJDK Runtime Environment (8.0_275-b01) (build 1.8.0_275-8u275-b01-0ubuntu1~20.04-b01)
# Java VM: OpenJDK 64-Bit Server VM (25.275-b01 mixed mode linux-amd64 compressed oops)
Heap:
 PSYoungGen      total 152576K, used 21616K [0x00000000f5580000, 0x0000000100000000, 0x0000000100000000)
  eden space 130560K, 0% used [0x00000000f5580000,0x00000000f5580000,0x00000000fd500000)
  from space 22016K, 98% used [0x00000000fd500000,0x00000000fea1c280,0x00000000fea80000)
  to   space 22016K, 0% used [0x00000000fea80000,0x00000000fea80000,0x0000000100000000)
 ParOldGen       total 175104K, used 25202K [0x00000000e0000000, 0x00000000eab00000, 0x00000000f5580000)
  object space 175104K, 14% used [0x00000000e0000000,0x00000000e189c820,0x00000000eab00000)
 Metaspace       used 56395K, capacity 59008K, committed 59096K, reserved 1099776K
  class space    used 7890K, capacity 8541K, committed 8576K, reserved 1048576K
GC Heap History (10 events):
Event: 4.370 GC heap after
Heap after GC invocations=7 (full 1):
 PSYoungGen      total 159232K, used 11063K [0x00000000f5580000, 0x0000000100000000, 0x0000000100000000)
  eden space 143872K, 0% used [0x00000000f5580000,0x00000000f5580000,0x00000000fe200000)
  from space 15360K, 72% used [0x00000000ff100000,0x00000000ffbcdcb0,0x0000000100000000)
  to   space 15360K, 0% used [0x00000000fe200000,0x00000000fe200000,0x00000000ff100000)
 ParOldGen       total 175104K, used 11101K [0x00000000e0000000, 0x00000000eab00000, 0x00000000f5580000)
  object space 175104K, 6% used [0x00000000e0000000,0x00000000e0ad7720,0x00000000eab00000)
 Metaspace       used 34238K, capacity 35330K, committed 35456K, reserved 1079296K
  class space    used 4827K, capacity 5148K, committed 5248K, reserved 1048576K
}
Event: 4.370 GC heap before
{Heap before GC invocations=8 (full 2):
 PSYoungGen      total 159232K, used 11063K [0x00000000f5580000, 0x0000000100000000, 0x0000000100000000)
  eden space 143872K, 0% used [0x00000000f5580000,0x00000000f5580000,0x00000000fe200000)
  from space 15360K, 72% used [0x00000000ff100000,0x00000000ffbcdcb0,0x0000000100000000)
  to   space 15360K, 0% used [0x00000000fe200000,0x00000000fe200000,0x00000000ff100000)
 ParOldGen       total 175104K, used 11101K [0x00000000e0000000, 0x00000000eab00000, 0x00000000f5580000)
  object space 175104K, 6% used [0x00000000e0000000,0x00000000e0ad7720,0x00000000eab00000)
 Metaspace       used 34238K, capacity 35330K, committed 35456K, reserved 1079296K
  class space    used 4827K, capacity 5148K, committed 5248K, reserved 1048576K
Event: 4.408 GC heap after
Heap after GC invocations=8 (full 2):
 PSYoungGen      total 159232K, used 0K [0x00000000f5580000, 0x0000000100000000, 0x0000000100000000)
  eden space 143872K, 0% used [0x00000000f5580000,0x00000000f5580000,0x00000000fe200000)
  from space 15360K, 0% used [0x00000000ff100000,0x00000000ff100000,0x0000000100000000)
  to   space 15360K, 0% used [0x00000000fe200000,0x00000000fe200000,0x00000000ff100000)
 ParOldGen       total 175104K, used 17441K [0x00000000e0000000, 0x00000000eab00000, 0x00000000f5580000)
  object space 175104K, 9% used [0x00000000e0000000,0x00000000e1108558,0x00000000eab00000)
 Metaspace       used 34238K, capacity 35330K, committed 35456K, reserved 1079296K
  class space    used 4827K, capacity 5148K, committed 5248K, reserved 1048576K
}
Event: 5.434 GC heap before
{Heap before GC invocations=9 (full 2):
 PSYoungGen      total 159232K, used 143872K [0x00000000f5580000, 0x0000000100000000, 0x0000000100000000)
  eden space 143872K, 100% used [0x00000000f5580000,0x00000000fe200000,0x00000000fe200000)
  from space 15360K, 0% used [0x00000000ff100000,0x00000000ff100000,0x0000000100000000)
  to   space 15360K, 0% used [0x00000000fe200000,0x00000000fe200000,0x00000000ff100000)
 ParOldGen       total 175104K, used 17441K [0x00000000e0000000, 0x00000000eab00000, 0x00000000f5580000)
  object space 175104K, 9% used [0x00000000e0000000,0x00000000e1108558,0x00000000eab00000)
 Metaspace       used 45749K, capacity 47572K, committed 47744K, reserved 1089536K
  class space    used 6320K, capacity 6769K, committed 6784K, reserved 1048576K
Event: 5.443 GC heap after
Heap after GC invocations=9 (full 2):
 PSYoungGen      total 159232K, used 15346K [0x00000000f5580000, 0x0000000100000000, 0x0000000100000000)
  eden space 143872K, 0% used [0x00000000f5580000,0x00000000f5580000,0x00000000fe200000)
  from space 15360K, 99% used [0x00000000fe200000,0x00000000ff0fcb10,0x00000000ff100000)
  to   space 15360K, 0% used [0x00000000ff100000,0x00000000ff100000,0x0000000100000000)
 ParOldGen       total 175104K, used 19070K [0x00000000e0000000, 0x00000000eab00000, 0x00000000f5580000)
  object space 175104K, 10% used [0x00000000e0000000,0x00000000e129f9f0,0x00000000eab00000)
 Metaspace       used 45749K, capacity 47572K, committed 47744K, reserved 1089536K
  class space    used 6320K, capacity 6769K, committed 6784K, reserved 1048576K
}
Event: 7.302 GC heap before
{Heap before GC invocations=10 (full 2):
 PSYoungGen      total 159232K, used 159218K [0x00000000f5580000, 0x0000000100000000, 0x0000000100000000)
  eden space 143872K, 100% used [0x00000000f5580000,0x00000000fe200000,0x00000000fe200000)
  from space 15360K, 99% used [0x00000000fe200000,0x00000000ff0fcb10,0x00000000ff100000)
  to   space 15360K, 0% used [0x00000000ff100000,0x00000000ff100000,0x0000000100000000)
 ParOldGen       total 175104K, used 19070K [0x00000000e0000000, 0x00000000eab00000, 0x00000000f5580000)
  object space 175104K, 10% used [0x00000000e0000000,0x00000000e129f9f0,0x00000000eab00000)
 Metaspace       used 52940K, capacity 55342K, committed 55552K, reserved 1097728K
  class space    used 7342K, capacity 7911K, committed 7936K, reserved 1048576K
Event: 7.314 GC heap after
Heap after GC invocations=10 (full 2):
 PSYoungGen      total 145920K, used 15339K [0x00000000f5580000, 0x0000000100000000, 0x0000000100000000)
  eden space 130560K, 0% used [0x00000000f5580000,0x00000000f5580000,0x00000000fd500000)
  from space 15360K, 99% used [0x00000000ff100000,0x00000000ffffaee8,0x0000000100000000)
  to   space 22016K, 0% used [0x00000000fd500000,0x00000000fd500000,0x00000000fea80000)
 ParOldGen       total 175104K, used 25194K [0x00000000e0000000, 0x00000000eab00000, 0x00000000f5580000)
  object space 175104K, 14% used [0x00000000e0000000,0x00000000e189a820,0x00000000eab00000)
 Metaspace       used 52940K, capacity 55342K, committed 55552K, reserved 1097728K
  class space    used 7342K, capacity 7911K, committed 7936K, reserved 1048576K
}
Event: 7.830 GC heap before
{Heap before GC invocations=11 (full 2):
 PSYoungGen      total 145920K, used 77738K [0x00000000f5580000, 0x0000000100000000, 0x0000000100000000)
  eden space 130560K, 47% used [0x00000000f5580000,0x00000000f926f978,0x00000000fd500000)
  from space 15360K, 99% used [0x00000000ff100000,0x00000000ffffaee8,0x0000000100000000)
  to   space 22016K, 0% used [0x00000000fd500000,0x00000000fd500000,0x00000000fea80000)
 ParOldGen       total 175104K, used 25194K [0x00000000e0000000, 0x00000000eab00000, 0x00000000f5580000)
  object space 175104K, 14% used [0x00000000e0000000,0x00000000e189a820,0x00000000eab00000)
 Metaspace       used 56395K, capacity 59008K, committed 59096K, reserved 1099776K
  class space    used 7890K, capacity 8541K, committed 8576K, reserved 1048576K
Event: 7.842 GC heap after
Heap after GC invocations=11 (full 2):
 PSYoungGen      total 152576K, used 21616K [0x00000000f5580000, 0x0000000100000000, 0x0000000100000000)
  eden space 130560K, 0% used [0x00000000f5580000,0x00000000f5580000,0x00000000fd500000)
  from space 22016K, 98% used [0x00000000fd500000,0x00000000fea1c280,0x00000000fea80000)
  to   space 22016K, 0% used [0x00000000fea80000,0x00000000fea80000,0x0000000100000000)
 ParOldGen       total 175104K, used 25202K [0x00000000e0000000, 0x00000000eab00000, 0x00000000f5580000)
  object space 175104K, 14% used [0x00000000e0000000,0x00000000e189c820,0x00000000eab00000)
 Metaspace       used 56395K, capacity 59008K, committed 59096K, reserved 1099776K
  class space    used 7890K, capacity 8541K, committed 8576K, reserved 1048576K
}
Event: 7.842 GC heap before
{Heap before GC invocations=12 (full 3):
 PSYoungGen      total 152576K, used 21616K [0x00000000f5580000, 0x0000000100000000, 0x0000000100000000)
  eden space 130560K, 0% used [0x00000000f5580000,0x00000000f5580000,0x00000000fd500000)
  from space 22016K, 98% used [0x00000000fd500000,0x00000000fea1c280,0x00000000fea80000)
  to   space 22016K, 0% used [0x00000000fea80000,0x00000000fea80000,0x0000000100000000)
 ParOldGen       total 175104K, used 25202K [0x00000000e0000000, 0x00000000eab00000, 0x00000000f5580000)
  object space 175104K, 14% used [0x00000000e0000000,0x00000000e189c820,0x00000000eab00000)
 Metaspace       used 56395K, capacity 59008K, committed 59096K, reserved 1099776K
  class space    used 7890K, capacity 8541K, committed 8576K, reserved 1048576K

