# JRE version: OpenJDK Runtime Environment (8.0_275-b01) (build 1.8.0_275-8u275-b01-0ubuntu1~20.04-b01)
# Java VM: OpenJDK 64-Bit Server VM (25.275-b01 mixed mode linux-amd64 compressed oops)
Heap:
 PSYoungGen      total 147968K, used 128480K [0x00000000f5580000, 0x0000000100000000, 0x0000000100000000)
  eden space 121344K, 100% used [0x00000000f5580000,0x00000000fcc00000,0x00000000fcc00000)
  from space 26624K, 26% used [0x00000000fe600000,0x00000000fecf8060,0x0000000100000000)
  to   space 26624K, 23% used [0x00000000fcc00000,0x00000000fd1fc010,0x00000000fe600000)
 ParOldGen       total 175104K, used 119150K [0x00000000e0000000, 0x00000000eab00000, 0x00000000f5580000)
  object space 175104K, 68% used [0x00000000e0000000,0x00000000e745bad8,0x00000000eab00000)
 Metaspace       used 71764K, capacity 77992K, committed 78080K, reserved 1116160K
  class space    used 10061K, capacity 11459K, committed 11520K, reserved 1048576K
GC Heap History (10 events):
Event: 48.397 GC heap after
Heap after GC invocations=15 (full 3):
 PSYoungGen      total 147456K, used 15023K [0x00000000f5580000, 0x0000000100000000, 0x0000000100000000)
  eden space 125440K, 0% used [0x00000000f5580000,0x00000000f5580000,0x00000000fd000000)
  from space 22016K, 68% used [0x00000000fea80000,0x00000000ff92bfc0,0x0000000100000000)
  to   space 24576K, 0% used [0x00000000fd000000,0x00000000fd000000,0x00000000fe800000)
 ParOldGen       total 175104K, used 58002K [0x00000000e0000000, 0x00000000eab00000, 0x00000000f5580000)
  object space 175104K, 33% used [0x00000000e0000000,0x00000000e38a49e8,0x00000000eab00000)
 Metaspace       used 65662K, capacity 70306K, committed 70400K, reserved 1110016K
  class space    used 9255K, capacity 10480K, committed 10496K, reserved 1048576K
}
Event: 50.002 GC heap before
{Heap before GC invocations=16 (full 3):
 PSYoungGen      total 147456K, used 140463K [0x00000000f5580000, 0x0000000100000000, 0x0000000100000000)
  eden space 125440K, 100% used [0x00000000f5580000,0x00000000fd000000,0x00000000fd000000)
  from space 22016K, 68% used [0x00000000fea80000,0x00000000ff92bfc0,0x0000000100000000)
  to   space 24576K, 0% used [0x00000000fd000000,0x00000000fd000000,0x00000000fe800000)
 ParOldGen       total 175104K, used 58002K [0x00000000e0000000, 0x00000000eab00000, 0x00000000f5580000)
  object space 175104K, 33% used [0x00000000e0000000,0x00000000e38a49e8,0x00000000eab00000)
 Metaspace       used 66892K, capacity 71704K, committed 71808K, reserved 1110016K
  class space    used 9352K, capacity 10603K, committed 10624K, reserved 1048576K
Event: 50.025 GC heap after
Heap after GC invocations=16 (full 3):
 PSYoungGen      total 145408K, used 19904K [0x00000000f5580000, 0x0000000100000000, 0x0000000100000000)
  eden space 125440K, 0% used [0x00000000f5580000,0x00000000f5580000,0x00000000fd000000)
  from space 19968K, 99% used [0x00000000fd000000,0x00000000fe370030,0x00000000fe380000)
  to   space 25600K, 0% used [0x00000000fe700000,0x00000000fe700000,0x0000000100000000)
 ParOldGen       total 175104K, used 69943K [0x00000000e0000000, 0x00000000eab00000, 0x00000000f5580000)
  object space 175104K, 39% used [0x00000000e0000000,0x00000000e444dca8,0x00000000eab00000)
 Metaspace       used 66892K, capacity 71704K, committed 71808K, reserved 1110016K
  class space    used 9352K, capacity 10603K, committed 10624K, reserved 1048576K
}
Event: 53.487 GC heap before
{Heap before GC invocations=17 (full 3):
 PSYoungGen      total 145408K, used 145344K [0x00000000f5580000, 0x0000000100000000, 0x0000000100000000)
  eden space 125440K, 100% used [0x00000000f5580000,0x00000000fd000000,0x00000000fd000000)
  from space 19968K, 99% used [0x00000000fd000000,0x00000000fe370030,0x00000000fe380000)
  to   space 25600K, 0% used [0x00000000fe700000,0x00000000fe700000,0x0000000100000000)
 ParOldGen       total 175104K, used 69943K [0x00000000e0000000, 0x00000000eab00000, 0x00000000f5580000)
  object space 175104K, 39% used [0x00000000e0000000,0x00000000e444dca8,0x00000000eab00000)
 Metaspace       used 69169K, capacity 74688K, committed 74880K, reserved 1114112K
  class space    used 9727K, capacity 11025K, committed 11136K, reserved 1048576K
Event: 53.505 GC heap after
Heap after GC invocations=17 (full 3):
 PSYoungGen      total 146944K, used 19391K [0x00000000f5580000, 0x0000000100000000, 0x0000000100000000)
  eden space 121344K, 0% used [0x00000000f5580000,0x00000000f5580000,0x00000000fcc00000)
  from space 25600K, 75% used [0x00000000fe700000,0x00000000ff9effe8,0x0000000100000000)
  to   space 26624K, 0% used [0x00000000fcc00000,0x00000000fcc00000,0x00000000fe600000)
 ParOldGen       total 175104K, used 89076K [0x00000000e0000000, 0x00000000eab00000, 0x00000000f5580000)
  object space 175104K, 50% used [0x00000000e0000000,0x00000000e56fd3b8,0x00000000eab00000)
 Metaspace       used 69169K, capacity 74688K, committed 74880K, reserved 1114112K
  class space    used 9727K, capacity 11025K, committed 11136K, reserved 1048576K
}
Event: 57.884 GC heap before
{Heap before GC invocations=18 (full 3):
 PSYoungGen      total 146944K, used 140735K [0x00000000f5580000, 0x0000000100000000, 0x0000000100000000)
  eden space 121344K, 100% used [0x00000000f5580000,0x00000000fcc00000,0x00000000fcc00000)
  from space 25600K, 75% used [0x00000000fe700000,0x00000000ff9effe8,0x0000000100000000)
  to   space 26624K, 0% used [0x00000000fcc00000,0x00000000fcc00000,0x00000000fe600000)
 ParOldGen       total 175104K, used 89076K [0x00000000e0000000, 0x00000000eab00000, 0x00000000f5580000)
  object space 175104K, 50% used [0x00000000e0000000,0x00000000e56fd3b8,0x00000000eab00000)
 Metaspace       used 71246K, capacity 77102K, committed 77440K, reserved 1116160K
  class space    used 10002K, capacity 11364K, committed 11392K, reserved 1048576K
Event: 57.896 GC heap after
Heap after GC invocations=18 (full 3):
 PSYoungGen      total 147968K, used 7637K [0x00000000f5580000, 0x0000000100000000, 0x0000000100000000)
  eden space 121344K, 0% used [0x00000000f5580000,0x00000000f5580000,0x00000000fcc00000)
  from space 26624K, 28% used [0x00000000fcc00000,0x00000000fd375500,0x00000000fe600000)
  to   space 26624K, 0% used [0x00000000fe600000,0x00000000fe600000,0x0000000100000000)
 ParOldGen       total 175104K, used 106409K [0x00000000e0000000, 0x00000000eab00000, 0x00000000f5580000)
  object space 175104K, 60% used [0x00000000e0000000,0x00000000e67ea428,0x00000000eab00000)
 Metaspace       used 71246K, capacity 77102K, committed 77440K, reserved 1116160K
  class space    used 10002K, capacity 11364K, committed 11392K, reserved 1048576K
}
Event: 59.775 GC heap before
{Heap before GC invocations=19 (full 3):
 PSYoungGen      total 147968K, used 128981K [0x00000000f5580000, 0x0000000100000000, 0x0000000100000000)
  eden space 121344K, 100% used [0x00000000f5580000,0x00000000fcc00000,0x00000000fcc00000)
  from space 26624K, 28% used [0x00000000fcc00000,0x00000000fd375500,0x00000000fe600000)
  to   space 26624K, 0% used [0x00000000fe600000,0x00000000fe600000,0x0000000100000000)
 ParOldGen       total 175104K, used 106409K [0x00000000e0000000, 0x00000000eab00000, 0x00000000f5580000)
  object space 175104K, 60% used [0x00000000e0000000,0x00000000e67ea428,0x00000000eab00000)
 Metaspace       used 71596K, capacity 77758K, committed 78080K, reserved 1116160K
  class space    used 10048K, capacity 11440K, committed 11520K, reserved 1048576K
Event: 59.792 GC heap after
Heap after GC invocations=19 (full 3):
 PSYoungGen      total 147968K, used 7136K [0x00000000f5580000, 0x0000000100000000, 0x0000000100000000)
  eden space 121344K, 0% used [0x00000000f5580000,0x00000000f5580000,0x00000000fcc00000)
  from space 26624K, 26% used [0x00000000fe600000,0x00000000fecf8060,0x0000000100000000)
  to   space 26624K, 0% used [0x00000000fcc00000,0x00000000fcc00000,0x00000000fe600000)
 ParOldGen       total 175104K, used 112457K [0x00000000e0000000, 0x00000000eab00000, 0x00000000f5580000)
  object space 175104K, 64% used [0x00000000e0000000,0x00000000e6dd2550,0x00000000eab00000)
 Metaspace       used 71596K, capacity 77758K, committed 78080K, reserved 1116160K
  class space    used 10048K, capacity 11440K, committed 11520K, reserved 1048576K
}
Event: 61.699 GC heap before
{Heap before GC invocations=20 (full 3):
 PSYoungGen      total 147968K, used 128480K [0x00000000f5580000, 0x0000000100000000, 0x0000000100000000)
  eden space 121344K, 100% used [0x00000000f5580000,0x00000000fcc00000,0x00000000fcc00000)
  from space 26624K, 26% used [0x00000000fe600000,0x00000000fecf8060,0x0000000100000000)
  to   space 26624K, 0% used [0x00000000fcc00000,0x00000000fcc00000,0x00000000fe600000)
 ParOldGen       total 175104K, used 112457K [0x00000000e0000000, 0x00000000eab00000, 0x00000000f5580000)
  object space 175104K, 64% used [0x00000000e0000000,0x00000000e6dd2550,0x00000000eab00000)
 Metaspace       used 71764K, capacity 77992K, committed 78080K, reserved 1116160K
  class space    used 10061K, capacity 11459K, committed 11520K, reserved 1048576K

